<?xml version="1.0" encoding="utf-8" standalone="no"?>
<test-run id="0" runstate="Runnable" testcasecount="7" result="Failed" label="Invalid" total="7" passed="7" failed="0" warnings="0" inconclusive="0" skipped="0" asserts="0" engine-version="3.14.0.0" clr-version="4.0.30319.42000" start-time="2022-01-22 18:46:17Z" end-time="2022-01-22 18:47:08Z" duration="51.117005">
  <command-line><![CDATA[nunit3-console.exe  "result={PathToReportLocation};format=nunit2" D:\SeleniumTesting\PlanItTesting\PlanItTesting\bin\Debug\PlanItTesting.dll]]></command-line>
  <test-suite type="Unknown" id="1-1" name="result={PathToReportLocation};format=nunit2" fullname="D:\SeleniumTesting\PlanItTesting\packages\NUnit.ConsoleRunner.3.14.0\tools\result={PathToReportLocation};format=nunit2" testcasecount="0" runstate="NotRunnable" result="Failed" label="Invalid">
    <properties>
      <property name="_SKIPREASON" value="File not found: D:\SeleniumTesting\PlanItTesting\packages\NUnit.ConsoleRunner.3.14.0\tools\result={PathToReportLocation};format=nunit2" />
    </properties>
    <reason>
      <message>File not found: D:\SeleniumTesting\PlanItTesting\packages\NUnit.ConsoleRunner.3.14.0\tools\result={PathToReportLocation};format=nunit2</message>
    </reason>
  </test-suite>
  <test-suite type="Assembly" id="2-1010" name="PlanItTesting.dll" fullname="D:\SeleniumTesting\PlanItTesting\PlanItTesting\bin\Debug\PlanItTesting.dll" runstate="Runnable" testcasecount="7" result="Passed" start-time="2022-01-22T18:46:18.1905341Z" end-time="2022-01-22T18:47:08.0796577Z" duration="49.888548" total="7" passed="7" failed="0" warnings="0" inconclusive="0" skipped="0" asserts="0">
    <environment framework-version="3.13.2.0" clr-version="4.0.30319.42000" os-version="Microsoft Windows NT 10.0.19043.0" platform="Win32NT" cwd="D:\SeleniumTesting\PlanItTesting\packages\NUnit.ConsoleRunner.3.14.0\tools" machine-name="LAPTOP-P2PEQHQN" user="ikevi" user-domain="LAPTOP-P2PEQHQN" culture="en-IN" uiculture="en-US" os-architecture="x64" />
    <settings>
      <setting name="DisposeRunners" value="True" />
      <setting name="WorkDirectory" value="D:\SeleniumTesting\PlanItTesting\packages\NUnit.ConsoleRunner.3.14.0\tools" />
      <setting name="ImageRuntimeVersion" value="4.0.30319" />
      <setting name="ImageTargetFrameworkName" value=".NETFramework,Version=v4.7.2" />
      <setting name="ImageRequiresX86" value="False" />
      <setting name="ImageRequiresDefaultAppDomainAssemblyResolver" value="False" />
      <setting name="TargetRuntimeFramework" value="net-4.7.2" />
      <setting name="NumberOfTestWorkers" value="12" />
    </settings>
    <properties>
      <property name="_PID" value="10228" />
      <property name="_APPDOMAIN" value="domain-3a1af6c2-PlanItTesting.dll" />
    </properties>
    <test-suite type="SetUpFixture" id="2-1000" name="[default namespace]" fullname="PlanItTesting_NUnitAssemblyHooks" classname="PlanItTesting_NUnitAssemblyHooks" runstate="Runnable" testcasecount="7" result="Passed" start-time="2022-01-22T18:46:18.2054941Z" end-time="2022-01-22T18:47:08.0796577Z" duration="49.873815" total="7" passed="7" failed="0" warnings="0" inconclusive="0" skipped="0" asserts="0">
      <output><![CDATA[-> Loading plugin D:\SeleniumTesting\PlanItTesting\PlanItTesting\bin\Debug\TechTalk.SpecFlow.NUnit.SpecFlowPlugin.dll
-> Loading plugin D:\SeleniumTesting\PlanItTesting\PlanItTesting\bin\Debug\PlanItTesting.dll
-> Using default config
]]></output>
      <test-suite type="TestSuite" id="2-1011" name="PlanItTesting" fullname="PlanItTesting" runstate="Runnable" testcasecount="7" result="Passed" start-time="2022-01-22T18:46:18.6749482Z" end-time="2022-01-22T18:47:08.0766646Z" duration="49.402250" total="7" passed="7" failed="0" warnings="0" inconclusive="0" skipped="0" asserts="0">
        <test-suite type="TestSuite" id="2-1012" name="Features" fullname="PlanItTesting.Features" runstate="Runnable" testcasecount="7" result="Passed" start-time="2022-01-22T18:46:18.6749482Z" end-time="2022-01-22T18:47:08.0766646Z" duration="49.402205" total="7" passed="7" failed="0" warnings="0" inconclusive="0" skipped="0" asserts="0">
          <test-suite type="TestFixture" id="2-1001" name="JupiterToysFeature" fullname="PlanItTesting.Features.JupiterToysFeature" classname="PlanItTesting.Features.JupiterToysFeature" runstate="Runnable" testcasecount="7" result="Passed" start-time="2022-01-22T18:46:18.6749482Z" end-time="2022-01-22T18:47:08.0766646Z" duration="49.402087" total="7" passed="7" failed="0" warnings="0" inconclusive="0" skipped="0" asserts="0">
            <properties>
              <property name="Description" value="JupiterToys" />
            </properties>
            <test-suite type="ParameterizedMethod" id="2-1007" name="TC1_Verify_Contact_Submission" fullname="PlanItTesting.Features.JupiterToysFeature.TC1_Verify_Contact_Submission" classname="PlanItTesting.Features.JupiterToysFeature" runstate="Runnable" testcasecount="5" result="Passed" start-time="2022-01-22T18:46:18.6788817Z" end-time="2022-01-22T18:46:57.2231654Z" duration="38.544789" total="5" passed="5" failed="0" warnings="0" inconclusive="0" skipped="0" asserts="0">
              <properties>
                <property name="Description" value="TC1_Verify_Contact_Submission" />
              </properties>
              <test-case id="2-1002" name="TC1_Verify_Contact_Submission(&quot;john&quot;,&quot;honai&quot;,&quot;john.honai@example.com&quot;,&quot;0451765890&quot;,&quot;adding contacts&quot;,null)" fullname="PlanItTesting.Features.JupiterToysFeature.TC1_Verify_Contact_Submission(&quot;john&quot;,&quot;honai&quot;,&quot;john.honai@example.com&quot;,&quot;0451765890&quot;,&quot;adding contacts&quot;,null)" methodname="TC1_Verify_Contact_Submission" classname="PlanItTesting.Features.JupiterToysFeature" runstate="Runnable" seed="2016548009" result="Passed" start-time="2022-01-22T18:46:18.6788817Z" end-time="2022-01-22T18:46:28.6183094Z" duration="9.938803" asserts="0">
                <output><![CDATA[Given I launch JupitorToyUrl
-> done: JupiterToysStepDefinitions.GivenILaunchJupitorToyUrl() (2.5s)
And I click on contact
-> done: JupiterToysStepDefinitions.GivenIClickOnContact() (0.2s)
And I enter john honai john.honai@example.com 0451765890 and adding contacts
-> done: JupiterToysStepDefinitions.GivenIEnterJohnHonaiJohn_HonaiExample_ComAndAddingContacts("john", "honai", "john.honai@exampl...", "0451765890", "adding contacts") (0.9s)
When I click on submit button
-> done: JupiterToysStepDefinitions.WhenIClickOnSubmitButton() (0.1s)
Then verify the success message displayed
Contact details has been submitted successfully
-> done: JupiterToysStepDefinitions.ThenVerifyTheSuccessMessageDisplayed() (2.6s)
]]></output>
              </test-case>
              <test-case id="2-1003" name="TC1_Verify_Contact_Submission(&quot;kevin&quot;,&quot;cherian&quot;,&quot;kevin.cherian@example.com&quot;,&quot;0451765887&quot;,&quot;adding contacts&quot;,null)" fullname="PlanItTesting.Features.JupiterToysFeature.TC1_Verify_Contact_Submission(&quot;kevin&quot;,&quot;cherian&quot;,&quot;kevin.cherian@example.com&quot;,&quot;0451765887&quot;,&quot;adding contacts&quot;,null)" methodname="TC1_Verify_Contact_Submission" classname="PlanItTesting.Features.JupiterToysFeature" runstate="Runnable" seed="123404127" result="Passed" start-time="2022-01-22T18:46:28.6202985Z" end-time="2022-01-22T18:46:35.1826018Z" duration="6.562084" asserts="0">
                <output><![CDATA[Given I launch JupitorToyUrl
-> done: JupiterToysStepDefinitions.GivenILaunchJupitorToyUrl() (3.3s)
And I click on contact
-> done: JupiterToysStepDefinitions.GivenIClickOnContact() (0.1s)
And I enter kevin cherian kevin.cherian@example.com 0451765887 and adding contacts
-> done: JupiterToysStepDefinitions.GivenIEnterJohnHonaiJohn_HonaiExample_ComAndAddingContacts("kevin", "cherian", "kevin.cherian@exa...", "0451765887", "adding contacts") (0.8s)
When I click on submit button
-> done: JupiterToysStepDefinitions.WhenIClickOnSubmitButton() (0.1s)
Then verify the success message displayed
Contact details has been submitted successfully
-> done: JupiterToysStepDefinitions.ThenVerifyTheSuccessMessageDisplayed() (1.1s)
]]></output>
              </test-case>
              <test-case id="2-1004" name="TC1_Verify_Contact_Submission(&quot;Blessy&quot;,&quot;Mathew&quot;,&quot;blessy.mathew@example.com&quot;,&quot;0451765892&quot;,&quot;adding contacts&quot;,null)" fullname="PlanItTesting.Features.JupiterToysFeature.TC1_Verify_Contact_Submission(&quot;Blessy&quot;,&quot;Mathew&quot;,&quot;blessy.mathew@example.com&quot;,&quot;0451765892&quot;,&quot;adding contacts&quot;,null)" methodname="TC1_Verify_Contact_Submission" classname="PlanItTesting.Features.JupiterToysFeature" runstate="Runnable" seed="2002865089" result="Passed" start-time="2022-01-22T18:46:35.1826018Z" end-time="2022-01-22T18:46:43.0042444Z" duration="7.821373" asserts="0">
                <output><![CDATA[Given I launch JupitorToyUrl
-> done: JupiterToysStepDefinitions.GivenILaunchJupitorToyUrl() (3.1s)
And I click on contact
-> done: JupiterToysStepDefinitions.GivenIClickOnContact() (0.1s)
And I enter Blessy Mathew blessy.mathew@example.com 0451765892 and adding contacts
-> done: JupiterToysStepDefinitions.GivenIEnterJohnHonaiJohn_HonaiExample_ComAndAddingContacts("Blessy", "Mathew", "blessy.mathew@exa...", "0451765892", "adding contacts") (0.8s)
When I click on submit button
-> done: JupiterToysStepDefinitions.WhenIClickOnSubmitButton() (0.1s)
Then verify the success message displayed
Contact details has been submitted successfully
-> done: JupiterToysStepDefinitions.ThenVerifyTheSuccessMessageDisplayed() (2.1s)
]]></output>
              </test-case>
              <test-case id="2-1005" name="TC1_Verify_Contact_Submission(&quot;Bobby&quot;,&quot;Mathew&quot;,&quot;bobby.mathew@example.com&quot;,&quot;0451765897&quot;,&quot;adding contacts&quot;,null)" fullname="PlanItTesting.Features.JupiterToysFeature.TC1_Verify_Contact_Submission(&quot;Bobby&quot;,&quot;Mathew&quot;,&quot;bobby.mathew@example.com&quot;,&quot;0451765897&quot;,&quot;adding contacts&quot;,null)" methodname="TC1_Verify_Contact_Submission" classname="PlanItTesting.Features.JupiterToysFeature" runstate="Runnable" seed="572863990" result="Passed" start-time="2022-01-22T18:46:43.0042444Z" end-time="2022-01-22T18:46:49.1794126Z" duration="6.175243" asserts="0">
                <output><![CDATA[Given I launch JupitorToyUrl
-> done: JupiterToysStepDefinitions.GivenILaunchJupitorToyUrl() (2.4s)
And I click on contact
-> done: JupiterToysStepDefinitions.GivenIClickOnContact() (0.1s)
And I enter Bobby Mathew bobby.mathew@example.com 0451765897 and adding contacts
-> done: JupiterToysStepDefinitions.GivenIEnterJohnHonaiJohn_HonaiExample_ComAndAddingContacts("Bobby", "Mathew", "bobby.mathew@exam...", "0451765897", "adding contacts") (0.8s)
When I click on submit button
-> done: JupiterToysStepDefinitions.WhenIClickOnSubmitButton() (0.1s)
Then verify the success message displayed
Contact details has been submitted successfully
-> done: JupiterToysStepDefinitions.ThenVerifyTheSuccessMessageDisplayed() (1.6s)
]]></output>
              </test-case>
              <test-case id="2-1006" name="TC1_Verify_Contact_Submission(&quot;kishan&quot;,&quot;rajan&quot;,&quot;kishan.Rajan@example.com&quot;,&quot;0451765893&quot;,&quot;adding contacts&quot;,null)" fullname="PlanItTesting.Features.JupiterToysFeature.TC1_Verify_Contact_Submission(&quot;kishan&quot;,&quot;rajan&quot;,&quot;kishan.Rajan@example.com&quot;,&quot;0451765893&quot;,&quot;adding contacts&quot;,null)" methodname="TC1_Verify_Contact_Submission" classname="PlanItTesting.Features.JupiterToysFeature" runstate="Runnable" seed="1063540808" result="Passed" start-time="2022-01-22T18:46:49.1794126Z" end-time="2022-01-22T18:46:57.2221350Z" duration="8.042914" asserts="0">
                <output><![CDATA[Given I launch JupitorToyUrl
-> done: JupiterToysStepDefinitions.GivenILaunchJupitorToyUrl() (2.4s)
And I click on contact
-> done: JupiterToysStepDefinitions.GivenIClickOnContact() (0.1s)
And I enter kishan rajan kishan.Rajan@example.com 0451765893 and adding contacts
-> done: JupiterToysStepDefinitions.GivenIEnterJohnHonaiJohn_HonaiExample_ComAndAddingContacts("kishan", "rajan", "kishan.Rajan@exam...", "0451765893", "adding contacts") (0.8s)
When I click on submit button
-> done: JupiterToysStepDefinitions.WhenIClickOnSubmitButton() (0.1s)
Then verify the success message displayed
Contact details has been submitted successfully
-> done: JupiterToysStepDefinitions.ThenVerifyTheSuccessMessageDisplayed() (2.6s)
]]></output>
              </test-case>
            </test-suite>
            <test-case id="2-1008" name="TC2_Verify_Items_In_Cart" fullname="PlanItTesting.Features.JupiterToysFeature.TC2_Verify_Items_In_Cart" methodname="TC2_Verify_Items_In_Cart" classname="PlanItTesting.Features.JupiterToysFeature" runstate="Runnable" seed="280560933" result="Passed" start-time="2022-01-22T18:46:57.2241309Z" end-time="2022-01-22T18:47:02.6721313Z" duration="5.448259" asserts="0">
              <properties>
                <property name="Description" value="TC2_Verify_Items_in_Cart" />
              </properties>
              <output><![CDATA[Given I launch JupitorToyUrl
-> done: JupiterToysStepDefinitions.GivenILaunchJupitorToyUrl() (2.3s)
And I click on Shop
-> done: JupiterToysStepDefinitions.GivenIClickOnShop() (0.1s)
And I click buy button on 'Funny Cow'
-> done: JupiterToysStepDefinitions.GivenIClickBuyButtonOn("Funny Cow") (0.6s)
And I click buy button on 'Funny Cow'
-> done: JupiterToysStepDefinitions.GivenIClickBuyButtonOn("Funny Cow") (0.1s)
And I click buy button on 'Fluffy Bunny'
-> done: JupiterToysStepDefinitions.GivenIClickBuyButtonOn("Fluffy Bunny") (0.1s)
When I click on cart
-> done: JupiterToysStepDefinitions.WhenIClickOnCart() (0.1s)
Then I verify the items Funny Cow and Fluffy Bunny in cart
-> done: JupiterToysStepDefinitions.ThenIVerifyTheItemsFunnyCowAndFluffyBunnyInCart() (0.6s)
]]></output>
            </test-case>
            <test-case id="2-1009" name="TC3_Verify_Subtotal_For_Each_Product" fullname="PlanItTesting.Features.JupiterToysFeature.TC3_Verify_Subtotal_For_Each_Product" methodname="TC3_Verify_Subtotal_For_Each_Product" classname="PlanItTesting.Features.JupiterToysFeature" runstate="Runnable" seed="1795569379" result="Passed" start-time="2022-01-22T18:47:02.6721313Z" end-time="2022-01-22T18:47:08.0756685Z" duration="5.403258" asserts="0">
              <properties>
                <property name="Description" value="TC3_Verify_Subtotal_for_each_product" />
              </properties>
              <output><![CDATA[Given I launch JupitorToyUrl
-> done: JupiterToysStepDefinitions.GivenILaunchJupitorToyUrl() (2.3s)
And I click on Shop
-> done: JupiterToysStepDefinitions.GivenIClickOnShop() (0.1s)
And I click buy button on 'Stuffed Frog' for 2 times
-> done: JupiterToysStepDefinitions.GivenIClickBuyButtonOnForTimes("Stuffed Frog", 2) (0.6s)
And I click buy button on 'Fluffy Bunny' for 5 times
-> done: JupiterToysStepDefinitions.GivenIClickBuyButtonOnForTimes("Fluffy Bunny", 5) (0.1s)
And I click buy button on 'Valentine Bear' for 3 times
-> done: JupiterToysStepDefinitions.GivenIClickBuyButtonOnForTimes("Valentine Bear", 3) (0.1s)
When I click on cart
-> done: JupiterToysStepDefinitions.WhenIClickOnCart() (0.1s)
Then I verify the Subtotal for each of the product
SubTotal is displayed for the added item in cart
-> done: JupiterToysStepDefinitions.ThenIVerifyTheSubtotalForEachOfTheProduct() (0.8s)
]]></output>
            </test-case>
          </test-suite>
        </test-suite>
      </test-suite>
    </test-suite>
  </test-suite>
</test-run>